[2025-07-23 12:08:05] Login attempt failed - {
    "username": "root",
    "error": "",
    "ip": "::1"
}
[2025-07-23 12:08:10] Login attempt started - {
    "username": "admin",
    "ip": "::1",
    "user_agent": "Mozilla\/5.0 (Windows NT 10.0; Win64; x64) AppleWebKit\/537.36 (KHTML, like Gecko) Chrome\/138.0.0.0 Safari\/537.36"
}
[2025-07-23 12:08:10] Attempting database query for user - {
    "username": "admin"
}
[2025-07-23 12:08:10] User found in database - {
    "staff_id": 1,
    "username": "admin"
}
[2025-07-23 12:08:11] Password verification successful - {
    "staff_id": 1
}
[2025-07-23 12:08:11] Session created - {
    "staff_id": 1,
    "username": "admin",
    "role": "admin"
}
[2025-07-23 12:08:11] Session token created in database - {
    "staff_id": "1",
    "token": "2c64f4445ce1b17cea02d8d46b3afb81"
}
[2025-07-23 12:08:11] Last login updated - {
    "staff_id": "1"
}
